#! /c/Source/iverilog-install/bin/vvp
:ivl_version "12.0 (devel)" "(s20150603-1539-g2693dd32b)";
:ivl_delay_selection "TYPICAL";
:vpi_time_precision - 12;
:vpi_module "C:\iverilog\lib\ivl\system.vpi";
:vpi_module "C:\iverilog\lib\ivl\vhdl_sys.vpi";
:vpi_module "C:\iverilog\lib\ivl\vhdl_textio.vpi";
:vpi_module "C:\iverilog\lib\ivl\v2005_math.vpi";
:vpi_module "C:\iverilog\lib\ivl\va_math.vpi";
S_0000023cd60059b0 .scope module, "hw1_tb" "hw1_tb" 2 9;
 .timescale -9 -12;
v0000023cd60cbe00_0 .var "A", 0 0;
v0000023cd60cbea0_0 .var "B", 0 0;
v0000023cd6003dd0_0 .var "C", 0 0;
v0000023cd6003e70_0 .var "D", 0 0;
v0000023cd6003f10_0 .var/i "i", 31 0;
v0000023cd60506f0_0 .net "out", 0 0, L_0000023cd60c7150;  1 drivers
S_0000023cd6005b40 .scope module, "uut" "hw1" 2 21, 3 8 0, S_0000023cd60059b0;
 .timescale -9 -12;
    .port_info 0 /INPUT 1 "A";
    .port_info 1 /INPUT 1 "B";
    .port_info 2 /INPUT 1 "C";
    .port_info 3 /INPUT 1 "D";
    .port_info 4 /OUTPUT 1 "out";
L_0000023cd60cbf40 .functor OR 1, v0000023cd60cbe00_0, v0000023cd6003e70_0, C4<0>, C4<0>;
L_0000023cd60c6ad0 .functor NOT 1, v0000023cd60cbea0_0, C4<0>, C4<0>, C4<0>;
L_0000023cd60c6d10 .functor OR 1, L_0000023cd60c6ad0, v0000023cd6003dd0_0, C4<0>, C4<0>;
L_0000023cd60c7150 .functor AND 1, L_0000023cd60cbf40, L_0000023cd60c6d10, C4<1>, C4<1>;
v0000023cd60c6f30_0 .net "A", 0 0, v0000023cd60cbe00_0;  1 drivers
v0000023cd6005cd0_0 .net "B", 0 0, v0000023cd60cbea0_0;  1 drivers
v0000023cd6005d70_0 .net "C", 0 0, v0000023cd6003dd0_0;  1 drivers
v0000023cd60cbae0_0 .net "D", 0 0, v0000023cd6003e70_0;  1 drivers
v0000023cd60cbb80_0 .net *"_ivl_0", 0 0, L_0000023cd60cbf40;  1 drivers
v0000023cd60cbc20_0 .net *"_ivl_2", 0 0, L_0000023cd60c6ad0;  1 drivers
v0000023cd60cbcc0_0 .net *"_ivl_4", 0 0, L_0000023cd60c6d10;  1 drivers
v0000023cd60cbd60_0 .net "out", 0 0, L_0000023cd60c7150;  alias, 1 drivers
    .scope S_0000023cd60059b0;
T_0 ;
    %delay 100000, 0;
    %pushi/vec4 0, 0, 32;
    %store/vec4 v0000023cd6003f10_0, 0, 32;
T_0.0 ;
    %load/vec4 v0000023cd6003f10_0;
    %cmpi/s 16, 0, 32;
    %jmp/0xz T_0.1, 5;
    %load/vec4 v0000023cd6003f10_0;
    %pad/s 4;
    %split/vec4 1;
    %store/vec4 v0000023cd6003e70_0, 0, 1;
    %split/vec4 1;
    %store/vec4 v0000023cd6003dd0_0, 0, 1;
    %split/vec4 1;
    %store/vec4 v0000023cd60cbea0_0, 0, 1;
    %store/vec4 v0000023cd60cbe00_0, 0, 1;
    %delay 10000, 0;
    %load/vec4 v0000023cd6003f10_0;
    %addi 1, 0, 32;
    %store/vec4 v0000023cd6003f10_0, 0, 32;
    %jmp T_0.0;
T_0.1 ;
    %end;
    .thread T_0;
# The file index is used to find the file name in the following table.
:file_names 4;
    "N/A";
    "<interactive>";
    ".\assignments\hw1-basic\hw1-basic_tb.v";
    "././assignments/hw1-basic/hw1-basic.v";
